
> dev
> vite


  VITE v7.1.12  ready in 127 ms

  ➜  Local:   http://localhost:5173/
  ➜  Network: http://192.168.2.44:5173/

warn - The class `duration-[600ms]` is ambiguous and matches multiple utilities.
warn - If this is content and not a class, replace it with `duration-&lsqb;600ms&rsqb;` to silence this warning.
8:53:33 PM [vite] (client) hmr update /client/global.css, /client/features/feed/components/composers/QuickComposer.tsx
9:15:49 PM [vite] (client) hmr update /client/global.css, /client/features/feed/components/posts/FeedPost.tsx
9:16:06 PM [vite] (client) hmr update /client/global.css, /client/features/feed/components/posts/FeedPost.tsx
9:18:48 PM [vite] (client) hmr update /client/global.css, /client/features/feed/components/posts/FeedPost.tsx
9:20:32 PM [vite] (client) hmr update /client/global.css, /client/components/PostCard/UnifiedPostDetail.tsx
9:21:00 PM [vite] (client) hmr update /client/global.css, /client/components/PostCard/UnifiedPostDetail.tsx
9:24:42 PM [vite] (client) hmr update /client/global.css, /client/features/feed/components/composers/QuickComposer.tsx
9:25:01 PM [vite] (client) hmr update /client/global.css, /client/features/feed/components/composers/QuickComposer.tsx
9:26:54 PM [vite] (client) hmr update /client/global.css, /client/features/feed/components/posts/FeedPost.tsx
9:27:36 PM [vite] (client) hmr update /client/global.css, /client/pages/FeedTest.tsx
9:35:02 PM [vite] (client) hmr update /client/global.css, /client/features/feed/components/composers/shared/ComposerToolbar.tsx
9:35:45 PM [vite] (client) hmr update /client/global.css, /client/features/feed/components/composers/shared/ComposerToolbar.tsx
9:44:44 PM [vite] (client) hmr update /client/global.css, /client/features/feed/components/composers/shared/AccessTypeModal.tsx
9:45:12 PM [vite] (client) hmr update /client/global.css, /client/features/feed/components/composers/QuickComposer.tsx
9:45:30 PM [vite] (client) hmr update /client/components/CreatePostBox/CreatePostModal/CreatePostModal.tsx, /client/global.css
9:46:03 PM [vite] (client) hmr update /client/global.css, /client/features/feed/components/composers/QuickComposer.tsx
9:46:21 PM [vite] (client) hmr update /client/global.css, /client/features/feed/components/composers/QuickComposer.tsx
9:46:40 PM [vite] (client) hmr update /client/global.css, /client/features/feed/components/composers/QuickComposer.tsx
10:35:36 PM [vite] (client) hmr update /client/global.css, /client/components/ui/Header/Header.tsx, /client/pages/SocialNotifications.tsx, /client/components/CreatePostBox/CreatePostModal/CreatePostModal.tsx, /client/pages/FeedTest.tsx, /client/features/feed/components/composers/QuickComposer.tsx, /client/features/feed/components/posts/FeedPost.tsx, /client/components/PostCard/UserHoverCard.tsx, /client/components/PostCard/UnifiedPostDetail.tsx, /client/pages/OtherProfilePage.tsx, /client/components/socialProfile/ProfilePageLayout.tsx, /client/pages/ProfilePage.tsx, /client/pages/ProfileConnections.tsx
10:35:54 PM [vite] (client) hmr update /client/global.css, /client/components/ui/Header/Header.tsx, /client/pages/SocialNotifications.tsx, /client/components/CreatePostBox/CreatePostModal/CreatePostModal.tsx, /client/pages/FeedTest.tsx, /client/features/feed/components/composers/QuickComposer.tsx, /client/features/feed/components/posts/FeedPost.tsx, /client/components/PostCard/UserHoverCard.tsx, /client/components/PostCard/UnifiedPostDetail.tsx, /client/pages/OtherProfilePage.tsx, /client/components/socialProfile/ProfilePageLayout.tsx, /client/pages/ProfilePage.tsx, /client/pages/ProfileConnections.tsx
10:44:42 PM [vite] (client) hmr update /client/global.css, /client/features/feed/components/posts/FeedPost.tsx
10:46:15 PM [vite] (client) hmr update /client/global.css, /client/features/feed/components/posts/FeedPost.tsx
10:46:36 PM [vite] (client) hmr update /client/global.css, /client/components/PostCard/UnifiedPostDetail.tsx
10:47:00 PM [vite] (client) hmr update /client/global.css, /client/components/PostCard/UnifiedPostDetail.tsx
10:47:23 PM [vite] (client) hmr update /client/global.css, /client/components/PostCard/UnifiedPostDetail.tsx
10:52:05 PM [vite] (client) hmr update /client/global.css, /client/components/ui/Header/Header.tsx, /client/pages/SocialNotifications.tsx, /client/components/CreatePostBox/CreatePostModal/CreatePostModal.tsx, /client/pages/FeedTest.tsx, /client/features/feed/components/composers/QuickComposer.tsx, /client/features/feed/components/posts/FeedPost.tsx, /client/components/PostCard/UserHoverCard.tsx, /client/components/PostCard/UnifiedPostDetail.tsx, /client/pages/OtherProfilePage.tsx, /client/components/socialProfile/ProfilePageLayout.tsx, /client/pages/ProfilePage.tsx, /client/pages/ProfileConnections.tsx
10:52:23 PM [vite] (client) hmr update /client/global.css, /client/components/ui/Header/Header.tsx, /client/pages/SocialNotifications.tsx, /client/components/CreatePostBox/CreatePostModal/CreatePostModal.tsx, /client/pages/FeedTest.tsx, /client/features/feed/components/composers/QuickComposer.tsx, /client/features/feed/components/posts/FeedPost.tsx, /client/components/PostCard/UserHoverCard.tsx, /client/components/PostCard/UnifiedPostDetail.tsx, /client/pages/OtherProfilePage.tsx, /client/components/socialProfile/ProfilePageLayout.tsx, /client/pages/ProfilePage.tsx, /client/pages/ProfileConnections.tsx
10:53:31 PM [vite] (client) hmr update /client/global.css
10:53:57 PM [vite] (client) hmr update /client/contexts/AuthContext.tsx, /client/global.css
10:54:31 PM [vite] (client) hmr update /client/global.css
10:57:19 PM [vite] (client) hmr update /client/App.tsx, /client/global.css
10:57:35 PM [vite] (client) hmr update /client/App.tsx, /client/global.css
11:01:03 PM [vite] (client) hmr update /client/pages/FeedTest.tsx, /client/global.css
11:01:24 PM [vite] (client) hmr update /client/pages/FeedTest.tsx, /client/global.css
11:01:41 PM [vite] (client) hmr update /client/pages/FeedTest.tsx, /client/global.css
11:01:59 PM [vite] (client) hmr update /client/pages/FeedTest.tsx, /client/global.css
11:02:17 PM [vite] (client) hmr update /client/pages/FeedTest.tsx, /client/global.css
11:03:46 PM [vite] (client) hmr update /client/pages/FeedTest.tsx, /client/global.css
11:05:02 PM [vite] (client) hmr update /client/global.css, /client/components/socialProfile/ProfilePageLayout.tsx
11:06:15 PM [vite] (client) ✨ new dependencies optimized: date-fns, date-fns/locale
11:06:15 PM [vite] (client) ✨ optimized dependencies changed. reloading
11:09:53 PM [vite] (client) hmr update /client/components/ui/Navbar/NewNavBar.tsx, /client/global.css
11:10:14 PM [vite] (client) hmr update /client/pages/FeedTest.tsx, /client/global.css
11:10:41 PM [vite] (client) hmr update /client/components/ui/Header/Header.tsx, /client/global.css
11:12:37 PM [vite] (client) hmr update /client/global.css, /client/components/PostCard/UnifiedPostDetail.tsx
11:13:06 PM [vite] (client) hmr update /client/global.css, /client/components/PostCard/CommentCard.tsx
11:13:30 PM [vite] (client) hmr update /client/global.css, /client/components/PostCard/UnifiedPostDetail.tsx
