timestamp="25/10/2025 22:22:07.727" func=config.Validate level=WARN msg="protocol was set to 'http'; this should *only* be used for debugging and tests!"
timestamp="25/10/2025 22:22:07.728" func=server.setLimits level=WARN msg="could not set Memory limits from cgroup: failed to set GOMEMLIMIT: cgroups is not supported on this system"
timestamp="25/10/2025 22:22:07.732" func=cache.(*Caches).Init level=INFO msg="init: 0x14000e06008"
timestamp="25/10/2025 22:22:07.732" func=router.(*Router).Start.func1 level=INFO msg="listening on 0.0.0.0:8080"
timestamp="25/10/2025 22:22:07.732" func=cache.(*Caches).initAccount level=INFO msg="cache size = 2894"
timestamp="25/10/2025 22:22:07.732" func=cache.(*Caches).initAccountNote level=INFO msg="cache size = 1281"
timestamp="25/10/2025 22:22:07.732" func=cache.(*Caches).initAccountSettings level=INFO msg="cache size = 85"
timestamp="25/10/2025 22:22:07.732" func=cache.(*Caches).initAccountStats level=INFO msg="cache size = 2729"
timestamp="25/10/2025 22:22:07.732" func=cache.(*Caches).initApplication level=INFO msg="cache size = 115"
timestamp="25/10/2025 22:22:07.733" func=cache.(*Caches).initBlock level=INFO msg="cache size = 2589"
timestamp="25/10/2025 22:22:07.733" func=cache.(*Caches).initBlockIDs level=INFO msg="cache size = 716"
timestamp="25/10/2025 22:22:07.733" func=cache.(*Caches).initBoostOfIDs level=INFO msg="cache size = 716"
timestamp="25/10/2025 22:22:07.733" func=cache.(*Caches).initConversation level=INFO msg="cache size = 1106"
timestamp="25/10/2025 22:22:07.733" func=cache.(*Caches).initConversationLastStatusIDs level=INFO msg="cache size = 477"
timestamp="25/10/2025 22:22:07.733" func=cache.(*Caches).initDomainPermissionDraft level=INFO msg="cache size = 600"
timestamp="25/10/2025 22:22:07.733" func=cache.(*Caches).initDomainPermissionSubscription level=INFO msg="cache size = 512"
timestamp="25/10/2025 22:22:07.733" func=cache.(*Caches).initEmoji level=INFO msg="cache size = 2727"
timestamp="25/10/2025 22:22:07.733" func=cache.(*Caches).initEmojiCategory level=INFO msg="cache size = 145"
timestamp="25/10/2025 22:22:07.733" func=cache.(*Caches).initFilterIDs level=INFO msg="cache size = 477"
timestamp="25/10/2025 22:22:07.733" func=cache.(*Caches).initFilter level=INFO msg="cache size = 675"
timestamp="25/10/2025 22:22:07.733" func=cache.(*Caches).initFilterKeyword level=INFO msg="cache size = 209"
timestamp="25/10/2025 22:22:07.733" func=cache.(*Caches).initFilterStatus level=INFO msg="cache size = 776"
timestamp="25/10/2025 22:22:07.733" func=cache.(*Caches).initFollow level=INFO msg="cache size = 2529"
timestamp="25/10/2025 22:22:07.733" func=cache.(*Caches).initFollowIDs level=INFO msg="cache size = 955"
timestamp="25/10/2025 22:22:07.733" func=cache.(*Caches).initFollowRequest level=INFO msg="cache size = 2529"
timestamp="25/10/2025 22:22:07.733" func=cache.(*Caches).initFollowRequestIDs level=INFO msg="cache size = 477"
timestamp="25/10/2025 22:22:07.733" func=cache.(*Caches).initFollowingTagIDs level=INFO msg="cache size = 477"
timestamp="25/10/2025 22:22:07.733" func=cache.(*Caches).initHomeAccountIDs level=INFO msg="cache size = 477"
timestamp="25/10/2025 22:22:07.733" func=cache.(*Caches).initHomeTimelines level=INFO msg="cache size = 800"
timestamp="25/10/2025 22:22:07.733" func=cache.(*Caches).initInReplyToIDs level=INFO msg="cache size = 716"
timestamp="25/10/2025 22:22:07.733" func=cache.(*Caches).initInstance level=INFO msg="cache size = 706"
timestamp="25/10/2025 22:22:07.733" func=cache.(*Caches).initInteractionRequest level=INFO msg="cache size = 1128"
timestamp="25/10/2025 22:22:07.733" func=cache.(*Caches).initList level=INFO msg="cache size = 1268"
timestamp="25/10/2025 22:22:07.733" func=cache.(*Caches).initListIDs level=INFO msg="cache size = 477"
timestamp="25/10/2025 22:22:07.733" func=cache.(*Caches).initListedIDs level=INFO msg="cache size = 477"
timestamp="25/10/2025 22:22:07.733" func=cache.(*Caches).initListTimelines level=INFO msg="cache size = 800"
timestamp="25/10/2025 22:22:07.733" func=cache.(*Caches).initMarker level=INFO msg="cache size = 735"
timestamp="25/10/2025 22:22:07.733" func=cache.(*Caches).initMedia level=INFO msg="cache size = 2731"
timestamp="25/10/2025 22:22:07.733" func=cache.(*Caches).initMention level=INFO msg="cache size = 2386"
timestamp="25/10/2025 22:22:07.733" func=cache.(*Caches).initMove level=INFO msg="cache size = 121"
timestamp="25/10/2025 22:22:07.733" func=cache.(*Caches).initNotification level=INFO msg="cache size = 2666"
timestamp="25/10/2025 22:22:07.733" func=cache.(*Caches).initPoll level=INFO msg="cache size = 1126"
timestamp="25/10/2025 22:22:07.733" func=cache.(*Caches).initPollVote level=INFO msg="cache size = 2729"
timestamp="25/10/2025 22:22:07.733" func=cache.(*Caches).initPollVoteIDs level=INFO msg="cache size = 477"
timestamp="25/10/2025 22:22:07.733" func=cache.(*Caches).initReport level=INFO msg="cache size = 779"
timestamp="25/10/2025 22:22:07.733" func=cache.(*Caches).initScheduledStatus level=INFO msg="cache size = 2839"
timestamp="25/10/2025 22:22:07.733" func=cache.(*Caches).initSinBinStatus level=INFO msg="cache size = 331"
timestamp="25/10/2025 22:22:07.733" func=cache.(*Caches).initStatus level=INFO msg="cache size = 2754"
timestamp="25/10/2025 22:22:07.733" func=cache.(*Caches).initStatusBookmark level=INFO msg="cache size = 682"
timestamp="25/10/2025 22:22:07.733" func=cache.(*Caches).initStatusBookmarkIDs level=INFO msg="cache size = 477"
timestamp="25/10/2025 22:22:07.733" func=cache.(*Caches).initStatusEdit level=INFO msg="cache size = 1432"
timestamp="25/10/2025 22:22:07.733" func=cache.(*Caches).initStatusFave level=INFO msg="cache size = 2412"
timestamp="25/10/2025 22:22:07.733" func=cache.(*Caches).initStatusFaveIDs level=INFO msg="cache size = 716"
timestamp="25/10/2025 22:22:07.733" func=cache.(*Caches).initTag level=INFO msg="cache size = 2763"
timestamp="25/10/2025 22:22:07.733" func=cache.(*Caches).initThreadMute level=INFO msg="cache size = 288"
timestamp="25/10/2025 22:22:07.733" func=cache.(*Caches).initToken level=INFO msg="cache size = 727"
timestamp="25/10/2025 22:22:07.734" func=cache.(*Caches).initTombstone level=INFO msg="cache size = 664"
timestamp="25/10/2025 22:22:07.734" func=cache.(*Caches).initUser level=INFO msg="cache size = 168"
timestamp="25/10/2025 22:22:07.734" func=cache.(*Caches).initUserMute level=INFO msg="cache size = 2695"
timestamp="25/10/2025 22:22:07.734" func=cache.(*Caches).initUserMuteIDs level=INFO msg="cache size = 716"
timestamp="25/10/2025 22:22:07.734" func=cache.(*Caches).initWebfinger level=INFO msg="cache size = 803"
timestamp="25/10/2025 22:22:07.734" func=cache.(*Caches).initWebPushSubscription level=INFO msg="cache size = 1216"
timestamp="25/10/2025 22:22:07.734" func=cache.(*Caches).initWebPushSubscriptionIDs level=INFO msg="cache size = 238"
timestamp="25/10/2025 22:22:07.734" func=cache.(*Caches).initMutes level=INFO msg="cache size = 2823"
timestamp="25/10/2025 22:22:07.734" func=cache.(*Caches).initStatusFilter level=INFO msg="cache size = 2943"
timestamp="25/10/2025 22:22:07.734" func=cache.(*Caches).initVisibility level=INFO msg="cache size = 3147"
timestamp="25/10/2025 22:22:07.734" func=cache.(*Caches).Start level=INFO msg="start: 0x14000e06008"
timestamp="25/10/2025 22:22:07.741" func=bundb.pgConn level=INFO msg="connected to POSTGRES database"
timestamp="25/10/2025 22:22:07.745" func=bundb.doMigration level=INFO msg="there are no new migrations to run"
timestamp="25/10/2025 22:22:07.749" func=bundb.(*adminDB).CreateInstanceAccount level=INFO msg="instance account localhost:8080 already exists"
timestamp="25/10/2025 22:22:07.750" func=bundb.(*adminDB).CreateInstanceInstance level=INFO msg="instance entry already exists"
timestamp="25/10/2025 22:22:07.751" func=bundb.(*adminDB).CreateInstanceApplication level=INFO msg="instance application already exists"
timestamp="25/10/2025 22:22:07.752" func=server.Start level=INFO msg="compiling WebAssembly"
timestamp="25/10/2025 22:22:12.106" func=workers.(*Workers).StartScheduler level=INFO msg="started scheduler"
timestamp="25/10/2025 22:22:12.110" func=cleaner.(*Cleaner).ScheduleJobs level=INFO msg="scheduling media clean to run every 24h0m0s, starting from 00:00; next clean will run at 2025-10-26 00:00:00 +0700 +07"
timestamp="25/10/2025 22:22:12.110" func=subscriptions.(*Subscriptions).ScheduleJobs level=INFO msg="scheduling instance subscriptions processing to run every 24h0m0s, starting from 23:00; next processing will run at 2025-10-25 23:00:00 +0700 +07"
timestamp="25/10/2025 22:22:12.110" func=workers.(*Workers).Start level=INFO msg="started 28 delivery workers"
timestamp="25/10/2025 22:22:12.110" func=workers.(*Workers).Start level=INFO msg="started 56 client workers"
timestamp="25/10/2025 22:22:12.110" func=workers.(*Workers).Start level=INFO msg="started 56 federator workers"
timestamp="25/10/2025 22:22:12.110" func=workers.(*Workers).Start level=INFO msg="started 56 dereference workers"
timestamp="25/10/2025 22:22:12.110" func=workers.(*Workers).Start level=INFO msg="started 14 processing workers"
timestamp="25/10/2025 22:22:12.110" func=workers.(*Workers).Start level=INFO msg="started 14 Web Push workers"
timestamp="25/10/2025 22:22:12.113" func=router.stopServer level=INFO msg="shutting down http server with 30s grace period"
timestamp="25/10/2025 22:22:12.113" func=router.stopServer level=INFO msg="http server closed connections and shut down gracefully"
timestamp="25/10/2025 22:22:12.116" func=admin.(*Processor).FillWorkerQueues level=INFO msg=rehydrate!
timestamp="25/10/2025 22:22:12.116" func=router.(*Router).Start.func1 level=INFO msg="listening on 0.0.0.0:8080"
timestamp="25/10/2025 22:22:12.117" func=admin.(*Processor).FillWorkerQueues level=INFO delivery=0 federator=0 client=0 errors=0 msg="recovered queued tasks"
timestamp="25/10/2025 22:22:24.659" func=server.Start.Logger.func11.1 level=INFO latency=10.390334ms userAgent=curl/8.7.1 method=GET statusCode=200 uri=/api/v1/instance clientIP=::1 requestID=000036gvyssyr000000g msg="OK: wrote 1.31kiB"
timestamp="25/10/2025 22:22:31.485" func=server.Start.Logger.func11.1 level=INFO latency="238.042µs" userAgent=curl/8.7.1 method=POST statusCode=401 uri=/api/v1/accounts clientIP=::1 errors="Error #01: token not supplied\n" requestID=000036gvyssyr0000010 msg="Unauthorized: wrote 44B"
timestamp="25/10/2025 22:23:33.706" func=server.Start.Logger.func11.1 level=INFO latency=4.398708ms userAgent=curl/8.7.1 method=POST statusCode=200 uri=/api/v1/apps clientIP=::1 requestID=000036gvyssyr000001g msg="OK: wrote 418B"
timestamp="25/10/2025 22:23:39.578" func=server.Start.Logger.func11.1 level=INFO latency=2.23075ms userAgent=curl/8.7.1 method=POST statusCode=200 uri=/api/v1/apps clientIP=::1 requestID=000036gvyssyr0000020 msg="OK: wrote 418B"
timestamp="25/10/2025 22:23:48.724" func=server.Start.Logger.func11.1 level=INFO latency="463.167µs" userAgent=curl/8.7.1 method=POST statusCode=400 uri=/oauth/token clientIP=::1 requestID=000036gvyssyr000002g msg="Bad Request: wrote 113B"
timestamp="25/10/2025 22:23:55.056" func=server.Start.Logger.func11.1 level=INFO latency="158.708µs" userAgent=curl/8.7.1 method=POST statusCode=400 uri=/oauth/token clientIP=::1 requestID=000036gvyssyr0000030 msg="Bad Request: wrote 359B"
timestamp="25/10/2025 22:35:12.377" func=server.Start.Logger.func11.1 level=INFO latency="176.75µs" userAgent=curl/8.7.1 method=GET statusCode=200 uri=/api/v1/instance clientIP=::1 requestID=000036gvyssyr000003g msg="OK: wrote 1.31kiB"
timestamp="25/10/2025 22:35:20.534" func=server.Start.Logger.func11.1 level=INFO latency="39.625µs" userAgent=curl/8.7.1 method=POST statusCode=401 uri=/api/v1/accounts clientIP=::1 errors="Error #01: token not supplied\n" requestID=000036gvyssyr0000040 msg="Unauthorized: wrote 44B"
