timestamp="25/10/2025 22:35:40.283" func=config.Validate level=WARN msg="protocol was set to 'http'; this should *only* be used for debugging and tests!"
timestamp="25/10/2025 22:35:40.283" func=server.setLimits level=WARN msg="could not set Memory limits from cgroup: failed to set GOMEMLIMIT: cgroups is not supported on this system"
timestamp="25/10/2025 22:35:40.288" func=cache.(*Caches).Init level=INFO msg="init: 0x14000da6008"
timestamp="25/10/2025 22:35:40.288" func=router.(*Router).Start.func1 level=INFO msg="listening on 0.0.0.0:8080"
timestamp="25/10/2025 22:35:40.288" func=cache.(*Caches).initAccount level=INFO msg="cache size = 2894"
timestamp="25/10/2025 22:35:40.289" func=cache.(*Caches).initAccountNote level=INFO msg="cache size = 1281"
timestamp="25/10/2025 22:35:40.289" func=cache.(*Caches).initAccountSettings level=INFO msg="cache size = 85"
timestamp="25/10/2025 22:35:40.289" func=cache.(*Caches).initAccountStats level=INFO msg="cache size = 2729"
timestamp="25/10/2025 22:35:40.289" func=cache.(*Caches).initApplication level=INFO msg="cache size = 115"
timestamp="25/10/2025 22:35:40.289" func=cache.(*Caches).initBlock level=INFO msg="cache size = 2589"
timestamp="25/10/2025 22:35:40.289" func=cache.(*Caches).initBlockIDs level=INFO msg="cache size = 716"
timestamp="25/10/2025 22:35:40.289" func=cache.(*Caches).initBoostOfIDs level=INFO msg="cache size = 716"
timestamp="25/10/2025 22:35:40.289" func=cache.(*Caches).initConversation level=INFO msg="cache size = 1106"
timestamp="25/10/2025 22:35:40.289" func=cache.(*Caches).initConversationLastStatusIDs level=INFO msg="cache size = 477"
timestamp="25/10/2025 22:35:40.289" func=cache.(*Caches).initDomainPermissionDraft level=INFO msg="cache size = 600"
timestamp="25/10/2025 22:35:40.289" func=cache.(*Caches).initDomainPermissionSubscription level=INFO msg="cache size = 512"
timestamp="25/10/2025 22:35:40.289" func=cache.(*Caches).initEmoji level=INFO msg="cache size = 2727"
timestamp="25/10/2025 22:35:40.289" func=cache.(*Caches).initEmojiCategory level=INFO msg="cache size = 145"
timestamp="25/10/2025 22:35:40.289" func=cache.(*Caches).initFilterIDs level=INFO msg="cache size = 477"
timestamp="25/10/2025 22:35:40.289" func=cache.(*Caches).initFilter level=INFO msg="cache size = 675"
timestamp="25/10/2025 22:35:40.289" func=cache.(*Caches).initFilterKeyword level=INFO msg="cache size = 209"
timestamp="25/10/2025 22:35:40.289" func=cache.(*Caches).initFilterStatus level=INFO msg="cache size = 776"
timestamp="25/10/2025 22:35:40.289" func=cache.(*Caches).initFollow level=INFO msg="cache size = 2529"
timestamp="25/10/2025 22:35:40.289" func=cache.(*Caches).initFollowIDs level=INFO msg="cache size = 955"
timestamp="25/10/2025 22:35:40.289" func=cache.(*Caches).initFollowRequest level=INFO msg="cache size = 2529"
timestamp="25/10/2025 22:35:40.289" func=cache.(*Caches).initFollowRequestIDs level=INFO msg="cache size = 477"
timestamp="25/10/2025 22:35:40.289" func=cache.(*Caches).initFollowingTagIDs level=INFO msg="cache size = 477"
timestamp="25/10/2025 22:35:40.289" func=cache.(*Caches).initHomeAccountIDs level=INFO msg="cache size = 477"
timestamp="25/10/2025 22:35:40.289" func=cache.(*Caches).initHomeTimelines level=INFO msg="cache size = 800"
timestamp="25/10/2025 22:35:40.289" func=cache.(*Caches).initInReplyToIDs level=INFO msg="cache size = 716"
timestamp="25/10/2025 22:35:40.289" func=cache.(*Caches).initInstance level=INFO msg="cache size = 706"
timestamp="25/10/2025 22:35:40.289" func=cache.(*Caches).initInteractionRequest level=INFO msg="cache size = 1128"
timestamp="25/10/2025 22:35:40.289" func=cache.(*Caches).initList level=INFO msg="cache size = 1268"
timestamp="25/10/2025 22:35:40.289" func=cache.(*Caches).initListIDs level=INFO msg="cache size = 477"
timestamp="25/10/2025 22:35:40.289" func=cache.(*Caches).initListedIDs level=INFO msg="cache size = 477"
timestamp="25/10/2025 22:35:40.289" func=cache.(*Caches).initListTimelines level=INFO msg="cache size = 800"
timestamp="25/10/2025 22:35:40.289" func=cache.(*Caches).initMarker level=INFO msg="cache size = 735"
timestamp="25/10/2025 22:35:40.289" func=cache.(*Caches).initMedia level=INFO msg="cache size = 2731"
timestamp="25/10/2025 22:35:40.289" func=cache.(*Caches).initMention level=INFO msg="cache size = 2386"
timestamp="25/10/2025 22:35:40.289" func=cache.(*Caches).initMove level=INFO msg="cache size = 121"
timestamp="25/10/2025 22:35:40.289" func=cache.(*Caches).initNotification level=INFO msg="cache size = 2666"
timestamp="25/10/2025 22:35:40.289" func=cache.(*Caches).initPoll level=INFO msg="cache size = 1126"
timestamp="25/10/2025 22:35:40.289" func=cache.(*Caches).initPollVote level=INFO msg="cache size = 2729"
timestamp="25/10/2025 22:35:40.289" func=cache.(*Caches).initPollVoteIDs level=INFO msg="cache size = 477"
timestamp="25/10/2025 22:35:40.289" func=cache.(*Caches).initReport level=INFO msg="cache size = 779"
timestamp="25/10/2025 22:35:40.289" func=cache.(*Caches).initScheduledStatus level=INFO msg="cache size = 2839"
timestamp="25/10/2025 22:35:40.289" func=cache.(*Caches).initSinBinStatus level=INFO msg="cache size = 331"
timestamp="25/10/2025 22:35:40.289" func=cache.(*Caches).initStatus level=INFO msg="cache size = 2754"
timestamp="25/10/2025 22:35:40.290" func=cache.(*Caches).initStatusBookmark level=INFO msg="cache size = 682"
timestamp="25/10/2025 22:35:40.290" func=cache.(*Caches).initStatusBookmarkIDs level=INFO msg="cache size = 477"
timestamp="25/10/2025 22:35:40.290" func=cache.(*Caches).initStatusEdit level=INFO msg="cache size = 1432"
timestamp="25/10/2025 22:35:40.290" func=cache.(*Caches).initStatusFave level=INFO msg="cache size = 2412"
timestamp="25/10/2025 22:35:40.290" func=cache.(*Caches).initStatusFaveIDs level=INFO msg="cache size = 716"
timestamp="25/10/2025 22:35:40.290" func=cache.(*Caches).initTag level=INFO msg="cache size = 2763"
timestamp="25/10/2025 22:35:40.290" func=cache.(*Caches).initThreadMute level=INFO msg="cache size = 288"
timestamp="25/10/2025 22:35:40.290" func=cache.(*Caches).initToken level=INFO msg="cache size = 727"
timestamp="25/10/2025 22:35:40.290" func=cache.(*Caches).initTombstone level=INFO msg="cache size = 664"
timestamp="25/10/2025 22:35:40.290" func=cache.(*Caches).initUser level=INFO msg="cache size = 168"
timestamp="25/10/2025 22:35:40.290" func=cache.(*Caches).initUserMute level=INFO msg="cache size = 2695"
timestamp="25/10/2025 22:35:40.290" func=cache.(*Caches).initUserMuteIDs level=INFO msg="cache size = 716"
timestamp="25/10/2025 22:35:40.290" func=cache.(*Caches).initWebfinger level=INFO msg="cache size = 803"
timestamp="25/10/2025 22:35:40.290" func=cache.(*Caches).initWebPushSubscription level=INFO msg="cache size = 1216"
timestamp="25/10/2025 22:35:40.290" func=cache.(*Caches).initWebPushSubscriptionIDs level=INFO msg="cache size = 238"
timestamp="25/10/2025 22:35:40.290" func=cache.(*Caches).initMutes level=INFO msg="cache size = 2823"
timestamp="25/10/2025 22:35:40.290" func=cache.(*Caches).initStatusFilter level=INFO msg="cache size = 2943"
timestamp="25/10/2025 22:35:40.290" func=cache.(*Caches).initVisibility level=INFO msg="cache size = 3147"
timestamp="25/10/2025 22:35:40.290" func=cache.(*Caches).Start level=INFO msg="start: 0x14000da6008"
timestamp="25/10/2025 22:35:40.299" func=bundb.pgConn level=INFO msg="connected to POSTGRES database"
timestamp="25/10/2025 22:35:40.302" func=bundb.doMigration level=INFO msg="there are no new migrations to run"
timestamp="25/10/2025 22:35:40.306" func=bundb.(*adminDB).CreateInstanceAccount level=INFO msg="instance account localhost:8080 already exists"
timestamp="25/10/2025 22:35:40.307" func=bundb.(*adminDB).CreateInstanceInstance level=INFO msg="instance entry already exists"
timestamp="25/10/2025 22:35:40.311" func=bundb.(*adminDB).CreateInstanceApplication level=INFO msg="instance application already exists"
timestamp="25/10/2025 22:35:40.312" func=server.Start level=INFO msg="compiling WebAssembly"
timestamp="25/10/2025 22:35:44.844" func=workers.(*Workers).StartScheduler level=INFO msg="started scheduler"
timestamp="25/10/2025 22:35:44.847" func=cleaner.(*Cleaner).ScheduleJobs level=INFO msg="scheduling media clean to run every 24h0m0s, starting from 00:00; next clean will run at 2025-10-26 00:00:00 +0700 +07"
timestamp="25/10/2025 22:35:44.847" func=subscriptions.(*Subscriptions).ScheduleJobs level=INFO msg="scheduling instance subscriptions processing to run every 24h0m0s, starting from 23:00; next processing will run at 2025-10-25 23:00:00 +0700 +07"
timestamp="25/10/2025 22:35:44.847" func=workers.(*Workers).Start level=INFO msg="started 28 delivery workers"
timestamp="25/10/2025 22:35:44.847" func=workers.(*Workers).Start level=INFO msg="started 56 client workers"
timestamp="25/10/2025 22:35:44.847" func=workers.(*Workers).Start level=INFO msg="started 56 federator workers"
timestamp="25/10/2025 22:35:44.847" func=workers.(*Workers).Start level=INFO msg="started 56 dereference workers"
timestamp="25/10/2025 22:35:44.847" func=workers.(*Workers).Start level=INFO msg="started 14 processing workers"
timestamp="25/10/2025 22:35:44.847" func=workers.(*Workers).Start level=INFO msg="started 14 Web Push workers"
timestamp="25/10/2025 22:35:44.854" func=router.stopServer level=INFO msg="shutting down http server with 30s grace period"
timestamp="25/10/2025 22:35:44.854" func=router.stopServer level=INFO msg="http server closed connections and shut down gracefully"
timestamp="25/10/2025 22:35:44.857" func=router.(*Router).Start.func1 level=INFO msg="listening on 0.0.0.0:8080"
timestamp="25/10/2025 22:35:44.857" func=admin.(*Processor).FillWorkerQueues level=INFO msg=rehydrate!
timestamp="25/10/2025 22:35:44.858" func=admin.(*Processor).FillWorkerQueues level=INFO delivery=0 federator=0 client=0 errors=0 msg="recovered queued tasks"
timestamp="25/10/2025 22:35:54.921" func=server.Start.Logger.func11.1 level=INFO latency="192.292µs" userAgent=curl/8.7.1 method=POST statusCode=200 uri=/api/v1/accounts clientIP=::1 requestID=000036gw0bczg000000g msg="OK: wrote 16.0EiB"
timestamp="25/10/2025 22:35:54.921" func=log.(*Logger).output level=ERROR caller=http.(*Server).logf msg="http: panic serving [::1]:62111: runtime error: invalid memory address or nil pointer dereference\ngoroutine 290 [running]:\nnet/http.(*conn).serve.func1()\n\t/Users/devidanderson/go/pkg/mod/golang.org/toolchain@v0.0.1-go1.24.6.darwin-arm64/src/net/http/server.go:1947 +0xb0\npanic({0x10415efc0?, 0x106025360?})\n\t/Users/devidanderson/go/pkg/mod/golang.org/toolchain@v0.0.1-go1.24.6.darwin-arm64/src/runtime/panic.go:792 +0x124\ncode.superseriousbusiness.org/gotosocial/internal/api/util.TokenAuth(0x14018f274e8?, 0x0, 0x0, 0x0, 0x0, {0x14018f275d8, 0x1, 0x14018f274e8?})\n\t/Users/devidanderson/Projects/X-18----/gotosocial/internal/api/util/auth.go:131 +0x478\ncode.superseriousbusiness.org/gotosocial/internal/api/client/accounts.(*Module).AccountCreatePOSTHandler(0x140004a1da0, 0x140062e4100)\n\t/Users/devidanderson/Projects/X-18----/gotosocial/internal/api/client/accounts/accountcreate.go:79 +0x60\ngithub.com/gin-gonic/gin.(*Context).Next(...)\n\t/Users/devidanderson/Projects/X-18----/gotosocial/vendor/github.com/gin-gonic/gin/context.go:185\ncode.superseriousbusiness.org/gotosocial/internal/middleware.Throttle.func2(0x140062e4100)\n\t/Users/devidanderson/Projects/X-18----/gotosocial/internal/middleware/throttling.go:144 +0x274\ngithub.com/gin-gonic/gin.(*Context).Next(...)\n\t/Users/devidanderson/Projects/X-18----/gotosocial/vendor/github.com/gin-gonic/gin/context.go:185\ncode.superseriousbusiness.org/gotosocial/internal/middleware.RateLimit.func2(0x140062e4100)\n\t/Users/devidanderson/Projects/X-18----/gotosocial/internal/middleware/ratelimit.go:165 +0x4b0\ngithub.com/gin-gonic/gin.(*Context).Next(0x140062e4100)\n\t/Users/devidanderson/Projects/X-18----/gotosocial/vendor/github.com/gin-gonic/gin/context.go:185 +0x3c\ncode.superseriousbusiness.org/gotosocial/cmd/gotosocial/action/server.Start.Logger.func11(0x140062e4100)\n\t/Users/devidanderson/Projects/X-18----/gotosocial/internal/middleware/logger.go:140 +0x7c\ngithub.com/gin-gonic/gin.(*Context).Next(...)\n\t/Users/devidanderson/Projects/X-18----/gotosocial/vendor/github.com/gin-gonic/gin/context.go:185\ngithub.com/gin-gonic/gin.(*Engine).handleHTTPRequest(0x14000cb2000, 0x140062e4100)\n\t/Users/devidanderson/Projects/X-18----/gotosocial/vendor/github.com/gin-gonic/gin/gin.go:644 +0x6c4\ngithub.com/gin-gonic/gin.(*Engine).ServeHTTP(0x14000cb2000, {0x104596780, 0x14018f18000}, 0x14000234280)\n\t/Users/devidanderson/Projects/X-18----/gotosocial/vendor/github.com/gin-gonic/gin/gin.go:600 +0x170\ncode.superseriousbusiness.org/gotosocial/internal/router.timeoutHandler.ServeHTTP({0x10?}, {0x104596780, 0x14018f18000}, 0x14000234140)\n\t/Users/devidanderson/Projects/X-18----/gotosocial/internal/router/timeout.go:60 +0x124\nnet/http.serverHandler.ServeHTTP({0x10458e5b8?}, {0x104596780?, 0x14018f18000?}, 0x1?)\n\t/Users/devidanderson/go/pkg/mod/golang.org/toolchain@v0.0.1-go1.24.6.darwin-arm64/src/net/http/server.go:3301 +0xbc\nnet/http.(*conn).serve(0x140001d2090, {0x10459a540, 0x14018d18180})\n\t/Users/devidanderson/go/pkg/mod/golang.org/toolchain@v0.0.1-go1.24.6.darwin-arm64/src/net/http/server.go:2102 +0x52c\ncreated by net/http.(*Server).Serve in goroutine 48\n\t/Users/devidanderson/go/pkg/mod/golang.org/toolchain@v0.0.1-go1.24.6.darwin-arm64/src/net/http/server.go:3454 +0x3d8\n" 
